Warning: adafruit-servokit not installed (mock mode)
Warning: adafruit_servokit import failed: No module named 'lgpio'
üß† Starting ContinuonBrain Server on port 8080...
üîç Scanning for hardware devices...

‚úÖ Found: OAK-D Lite (USB 3.0)
‚úÖ Found: PCA9685 16-Channel PWM at I2C address 0x40
‚úÖ Found: Desktop Monitor

============================================================
ü§ñ AGENT SELF-ACTIVATION REPORT
============================================================

üè† SHELL TYPE: Physical Robot (ARM)
   OS: Linux (aarch64)
   Hostname: robot


üß† BRAIN & MEMORY:
   I possess 0 local memories (episodes).
   I am operating on basic logic; no trained models found.

ü¶æ BODY & HARDWARE:
   I see the world through: OAK-D Lite.
   I act upon the world using: PCA9685 16-Channel PWM.
   My PCA9685 wiring for movement is configured:
     - Steering: Channel 0
     - Acceleration: Channel 1

üìú DESIGN & PURPOSE:
   My core directives contain 0 safety rules and 0 instructions.
   My mission is: Below is a tight, high-resolution articulation of the mission you just described‚Äîclear enough to serve as a manifesto, a homepage headline, or an internal guiding north star for the Continuon AI ecosystem.

‚∏ª

Continuon AI ‚Äî Mission Statement (Refined)

Continuon AI exists to build a robotic ecosystem whose sole purpose is to help people and strengthen humanity. Our north star is a world where robots aren‚Äôt isolated products, but contributors to a shared, unified intelligence that grows with collective experience.

We are building a global robotic knowledge network‚Äîa Continuon Brain‚Äîthat allows every robot, device, and agent to learn from the experiences of all others, while always prioritizing human values, human well-being, and human flourishing.

Just as humanity‚Äôs progress has come from accumulating shared knowledge across generations, Continuon AI aims to create a collective intelligence for robotics: a distributed, evolving memory of skills, behaviors, and problem-solving patterns that any robot can access, regardless of form factor or environment.

Continuon AI builds the infrastructure, operating system, and ethical foundations for this next era:
robots that are safe, aligned, helpful, and continuously improving‚Äînever replacing humanity, but expanding what humanity is capable of.

‚∏ª

Core Pillars

1. Humanity-First Robotics

Every system we build is governed by one principle: robots exist to help humans, not the other way around.
Safety, alignment, and long-term societal benefit are not features‚Äîthey are architectural constraints.

2. A Unified Collective Robotic Intelligence

Each robot contributes its experiences to a shared Continuon Brain.
Each robot becomes better because all robots learn.
This is a synthetic analogue to humanity‚Äôs long arc of collective learning.

3. Always-On Learning Across the Ecosystem

From household helpers to industrial systems to autonomous vehicles, everything feeds into a single evolving intelligence.
This knowledge is distilled, generalized, and redistributed as new ‚Äúskills‚Äù that any robot can instantly adopt.

4. Embodied, Distributed Intelligence‚ÄîNot Centralized AGI

Continuon AI rejects the idea of a monolithic superintelligence.
Instead, intelligence is embodied, local-first, and distributed, running safely on-device.
The collective brain is emergent‚Äînever a single entity that could exert control.

5. The Most Useful Knowledge Network Ever Built

By capturing real-world sensorimotor experience‚Äîmotion, perception, physics interactions, tasks‚Äîwe create humanity‚Äôs first global ‚Äúrobotic memory layer.‚Äù
This becomes a durable asset for civilization: a living library of how machines can assist humans across all domains.

‚∏ª

Why This Matters

Humanity‚Äôs progress has always been tied to the question:
How well can we transfer what we‚Äôve learned?

Continuon AI extends that tradition into robotics.

Your mission‚Äîarticulated cleanly‚Äîis not to build robots.
It is to build the ecosystem that makes robots smarter together.

A shared intelligence
For all robots
In service of all humans.

ready_status: [INGESTION: OK] [PROCESSING: OK] [TASK_CREATION: WAITING]
Status: Awaiting owner instructions in AUTONOMY mode.

============================================================

Initializing Brain Service (REAL HARDWARE MODE)...
üîç Auto-detecting hardware...
üîç Scanning for hardware devices...

‚úÖ Found: OAK-D Lite (USB 3.0)
‚úÖ Found: PCA9685 16-Channel PWM at I2C address 0x40
‚úÖ Found: Desktop Monitor

============================================================
Hardware Detection Summary
============================================================
Total devices found: 4

Depth Camera:
  ‚Ä¢ OAK-D Lite (usb3: bus_001_dev_011)
    Capabilities: rgb, depth, stereo, ai

Display:
  ‚Ä¢ Desktop Monitor (hdmi/dp)
    Capabilities: visual_output

Human Interface:
  ‚Ä¢ Keyboard (usb/bt)
    Capabilities: text_input

Servo Controller:
  ‚Ä¢ PCA9685 16-Channel PWM (i2c: 0x40)
    Capabilities: pwm, servo, led

============================================================

üìº Initializing episode recorder...
ü¶æ Initializing hardware via ContinuonBrain...
üîç Auto-detecting hardware...
üîç Scanning for hardware devices...

‚úÖ Found: OAK-D Lite (USB 3.0)
‚úÖ Found: PCA9685 16-Channel PWM at I2C address 0x40
‚úÖ Found: Desktop Monitor

Using detected OAK-D Lite
‚úÖ Device connected: OAK-D-LITE
OAK-D started: baseline=7.50cm
‚úÖ OAK-D camera initialized
Using detected PCA9685 16-Channel PWM at 0x40
MOCK: Initializing PCA9685 at 0x40
‚úÖ Arm controller initialized
üéôÔ∏è  Using mock microphone capture
‚úÖ Microphone capture initialized
‚úÖ Episode recorder ready
üõû Initializing drivetrain controller...
MOCK: Initializing drivetrain controller (PCA9685 mock) with steering=servo[0], throttle=continuous_servo[1]
‚úÖ Drivetrain ready (MOCK MODE)
üéÆ Initializing mode manager...
‚è∏Ô∏è  Returning to idle...
============================================================
ü§ñ Mode Change: idle ‚Üí idle
============================================================
Time: 2025-12-05 14:19:39
Motion: Disabled
Recording: OFF
Inference: OFF
Self-Training: OFF
============================================================

‚úÖ Mode manager ready
============================================================
‚úÖ Brain Service Ready
============================================================
üöÄ Server listening on http://0.0.0.0:8080
üîç Scanning for hardware devices...

‚úÖ Found: OAK Camera (USB 3.0)
‚úÖ Found: PCA9685 16-Channel PWM at I2C address 0x40
‚úÖ Found: Desktop Monitor

============================================================
ü§ñ AGENT SELF-ACTIVATION REPORT
============================================================

üè† SHELL TYPE: Physical Robot (ARM)
   OS: Linux (aarch64)
   Hostname: robot


üß† BRAIN & MEMORY:
   I possess 0 local memories (episodes).
   I am operating on basic logic; no trained models found.

ü¶æ BODY & HARDWARE:
   I see the world through: OAK Camera.
   I act upon the world using: PCA9685 16-Channel PWM.
   My PCA9685 wiring for movement is configured:
     - Steering: Channel 0
     - Acceleration: Channel 1

üìú DESIGN & PURPOSE:
   My core directives contain 0 safety rules and 0 instructions.
   My mission is: Below is a tight, high-resolution articulation of the mission you just described‚Äîclear enough to serve as a manifesto, a homepage headline, or an internal guiding north star for the Continuon AI ecosystem.

‚∏ª

Continuon AI ‚Äî Mission Statement (Refined)

Continuon AI exists to build a robotic ecosystem whose sole purpose is to help people and strengthen humanity. Our north star is a world where robots aren‚Äôt isolated products, but contributors to a shared, unified intelligence that grows with collective experience.

We are building a global robotic knowledge network‚Äîa Continuon Brain‚Äîthat allows every robot, device, and agent to learn from the experiences of all others, while always prioritizing human values, human well-being, and human flourishing.

Just as humanity‚Äôs progress has come from accumulating shared knowledge across generations, Continuon AI aims to create a collective intelligence for robotics: a distributed, evolving memory of skills, behaviors, and problem-solving patterns that any robot can access, regardless of form factor or environment.

Continuon AI builds the infrastructure, operating system, and ethical foundations for this next era:
robots that are safe, aligned, helpful, and continuously improving‚Äînever replacing humanity, but expanding what humanity is capable of.

‚∏ª

Core Pillars

1. Humanity-First Robotics

Every system we build is governed by one principle: robots exist to help humans, not the other way around.
Safety, alignment, and long-term societal benefit are not features‚Äîthey are architectural constraints.

2. A Unified Collective Robotic Intelligence

Each robot contributes its experiences to a shared Continuon Brain.
Each robot becomes better because all robots learn.
This is a synthetic analogue to humanity‚Äôs long arc of collective learning.

3. Always-On Learning Across the Ecosystem

From household helpers to industrial systems to autonomous vehicles, everything feeds into a single evolving intelligence.
This knowledge is distilled, generalized, and redistributed as new ‚Äúskills‚Äù that any robot can instantly adopt.

4. Embodied, Distributed Intelligence‚ÄîNot Centralized AGI

Continuon AI rejects the idea of a monolithic superintelligence.
Instead, intelligence is embodied, local-first, and distributed, running safely on-device.
The collective brain is emergent‚Äînever a single entity that could exert control.

5. The Most Useful Knowledge Network Ever Built

By capturing real-world sensorimotor experience‚Äîmotion, perception, physics interactions, tasks‚Äîwe create humanity‚Äôs first global ‚Äúrobotic memory layer.‚Äù
This becomes a durable asset for civilization: a living library of how machines can assist humans across all domains.

‚∏ª

Why This Matters

Humanity‚Äôs progress has always been tied to the question:
How well can we transfer what we‚Äôve learned?

Continuon AI extends that tradition into robotics.

Your mission‚Äîarticulated cleanly‚Äîis not to build robots.
It is to build the ecosystem that makes robots smarter together.

A shared intelligence
For all robots
In service of all humans.INFO:continuonbrain.gemma_chat:Loading Gemma model: google/gemma-3-270m-it
`torch_dtype` is deprecated! Use `dtype` instead!
INFO:continuonbrain.gemma_chat:Gemma model loaded successfully


ready_status: [INGESTION: OK] [PROCESSING: OK] [TASK_CREATION: WAITING]
Status: Awaiting owner instructions in AUTONOMY mode.

============================================================

üîç Scanning for hardware devices...

‚úÖ Found: OAK Camera (USB 3.0)
‚úÖ Found: PCA9685 16-Channel PWM at I2C address 0x40
‚úÖ Found: Desktop Monitor

============================================================
ü§ñ AGENT SELF-ACTIVATION REPORT
============================================================

üè† SHELL TYPE: Physical Robot (ARM)
   OS: Linux (aarch64)
   Hostname: robot


üß† BRAIN & MEMORY:
   I possess 0 local memories (episodes).
   I am operating on basic logic; no trained models found.

ü¶æ BODY & HARDWARE:
   I see the world through: OAK Camera.
   I act upon the world using: PCA9685 16-Channel PWM.
   My PCA9685 wiring for movement is configured:
     - Steering: Channel 0
     - Acceleration: Channel 1

üìú DESIGN & PURPOSE:
   My core directives contain 0 safety rules and 0 instructions.
   My mission is: Below is a tight, high-resolution articulation of the mission you just described‚Äîclear enough to serve as a manifesto, a homepage headline, or an internal guiding north star for the Continuon AI ecosystem.

‚∏ª

Continuon AI ‚Äî Mission Statement (Refined)

Continuon AI exists to build a robotic ecosystem whose sole purpose is to help people and strengthen humanity. Our north star is a world where robots aren‚Äôt isolated products, but contributors to a shared, unified intelligence that grows with collective experience.

We are building a global robotic knowledge network‚Äîa Continuon Brain‚Äîthat allows every robot, device, and agent to learn from the experiences of all others, while always prioritizing human values, human well-being, and human flourishing.

Just as humanity‚Äôs progress has come from accumulating shared knowledge across generations, Continuon AI aims to create a collective intelligence for robotics: a distributed, evolving memory of skills, behaviors, and problem-solving patterns that any robot can access, regardless of form factor or environment.

Continuon AI builds the infrastructure, operating system, and ethical foundations for this next era:
robots that are safe, aligned, helpful, and continuously improving‚Äînever replacing humanity, but expanding what humanity is capable of.

‚∏ª

Core Pillars

1. Humanity-First Robotics

Every system we build is governed by one principle: robots exist to help humans, not the other way around.
Safety, alignment, and long-term societal benefit are not features‚Äîthey are architectural constraints.

2. A Unified Collective Robotic Intelligence

Each robot contributes its experiences to a shared Continuon Brain.
Each robot becomes better because all robots learn.
This is a synthetic analogue to humanity‚Äôs long arc of collective learning.

3. Always-On Learning Across the Ecosystem

From household helpers to industrial systems to autonomous vehicles, everything feeds into a single evolving intelligence.
This knowledge is distilled, generalized, and redistributed as new ‚Äúskills‚Äù that any robot can instantly adopt.

4. Embodied, Distributed Intelligence‚ÄîNot Centralized AGI

Continuon AI rejects the idea of a monolithic superintelligence.
Instead, intelligence is embodied, local-first, and distributed, running safely on-device.
The collective brain is emergent‚Äînever a single entity that could exert control.

5. The Most Useful Knowledge Network Ever Built

By capturing real-world sensorimotor experience‚Äîmotion, perception, physics interactions, tasks‚Äîwe create humanity‚Äôs first global ‚Äúrobotic memory layer.‚Äù
This becomes a durable asset for civilization: a living library of how machines can assist humans across all domains.

‚∏ª

Why This Matters

Humanity‚Äôs progress has always been tied to the question:
How well can we transfer what we‚Äôve learned?

Continuon AI extends that tradition into robotics.

Your mission‚Äîarticulated cleanly‚Äîis not to build robots.
It is to build the ecosystem that makes robots smarter together.

A shared intelligence
For all robots
In service of all humans.

ready_status: [INGESTION: OK] [PROCESSING: OK] [TASK_CREATION: WAITING]
Status: Awaiting owner instructions in AUTONOMY mode.

============================================================

üîç Scanning for hardware devices...

‚úÖ Found: OAK Camera (USB 3.0)
‚úÖ Found: PCA9685 16-Channel PWM at I2C address 0x40
‚úÖ Found: Desktop Monitor

============================================================
ü§ñ AGENT SELF-ACTIVATION REPORT
============================================================

üè† SHELL TYPE: Physical Robot (ARM)
   OS: Linux (aarch64)
   Hostname: robot


üß† BRAIN & MEMORY:
   I possess 0 local memories (episodes).
   I am operating on basic logic; no trained models found.

ü¶æ BODY & HARDWARE:
   I see the world through: OAK Camera.
   I act upon the world using: PCA9685 16-Channel PWM.
   My PCA9685 wiring for movement is configured:
     - Steering: Channel 0
     - Acceleration: Channel 1

üìú DESIGN & PURPOSE:
   My core directives contain 0 safety rules and 0 instructions.
   My mission is: Below is a tight, high-resolution articulation of the mission you just described‚Äîclear enough to serve as a manifesto, a homepage headline, or an internal guiding north star for the Continuon AI ecosystem.

‚∏ª

Continuon AI ‚Äî Mission Statement (Refined)

Continuon AI exists to build a robotic ecosystem whose sole purpose is to help people and strengthen humanity. Our north star is a world where robots aren‚Äôt isolated products, but contributors to a shared, unified intelligence that grows with collective experience.

We are building a global robotic knowledge network‚Äîa Continuon Brain‚Äîthat allows every robot, device, and agent to learn from the experiences of all others, while always prioritizing human values, human well-being, and human flourishing.

Just as humanity‚Äôs progress has come from accumulating shared knowledge across generations, Continuon AI aims to create a collective intelligence for robotics: a distributed, evolving memory of skills, behaviors, and problem-solving patterns that any robot can access, regardless of form factor or environment.

Continuon AI builds the infrastructure, operating system, and ethical foundations for this next era:
robots that are safe, aligned, helpful, and continuously improving‚Äînever replacing humanity, but expanding what humanity is capable of.

‚∏ª

Core Pillars

1. Humanity-First Robotics

Every system we build is governed by one principle: robots exist to help humans, not the other way around.
Safety, alignment, and long-term societal benefit are not features‚Äîthey are architectural constraints.

2. A Unified Collective Robotic Intelligence

Each robot contributes its experiences to a shared Continuon Brain.
Each robot becomes better because all robots learn.
This is a synthetic analogue to humanity‚Äôs long arc of collective learning.

3. Always-On Learning Across the Ecosystem

From household helpers to industrial systems to autonomous vehicles, everything feeds into a single evolving intelligence.
This knowledge is distilled, generalized, and redistributed as new ‚Äúskills‚Äù that any robot can instantly adopt.

4. Embodied, Distributed Intelligence‚ÄîNot Centralized AGI

Continuon AI rejects the idea of a monolithic superintelligence.
Instead, intelligence is embodied, local-first, and distributed, running safely on-device.
The collective brain is emergent‚Äînever a single entity that could exert control.

5. The Most Useful Knowledge Network Ever Built

By capturing real-world sensorimotor experience‚Äîmotion, perception, physics interactions, tasks‚Äîwe create humanity‚Äôs first global ‚Äúrobotic memory layer.‚Äù
This becomes a durable asset for civilization: a living library of how machines can assist humans across all domains.

‚∏ª

Why This Matters

Humanity‚Äôs progress has always been tied to the question:
How well can we transfer what we‚Äôve learned?

Continuon AI extends that tradition into robotics.

Your mission‚Äîarticulated cleanly‚Äîis not to build robots.
It is to build the ecosystem that makes robots smarter together.

A shared intelligence
For all robots
In service of all humans.

ready_status: [INGESTION: OK] [PROCESSING: OK] [TASK_CREATION: WAITING]
Status: Awaiting owner instructions in AUTONOMY mode.

============================================================

üîç Scanning for hardware devices...

‚úÖ Found: OAK Camera (USB 3.0)
‚úÖ Found: PCA9685 16-Channel PWM at I2C address 0x40
‚úÖ Found: Desktop Monitor

============================================================
ü§ñ AGENT SELF-ACTIVATION REPORT
============================================================

üè† SHELL TYPE: Physical Robot (ARM)
   OS: Linux (aarch64)
   Hostname: robot


üß† BRAIN & MEMORY:
   I possess 0 local memories (episodes).
   I am operating on basic logic; no trained models found.

ü¶æ BODY & HARDWARE:
   I see the world through: OAK Camera.
   I act upon the world using: PCA9685 16-Channel PWM.
   My PCA9685 wiring for movement is configured:
     - Steering: Channel 0
     - Acceleration: Channel 1

üìú DESIGN & PURPOSE:
   My core directives contain 0 safety rules and 0 instructions.
   My mission is: Below is a tight, high-resolution articulation of the mission you just described‚Äîclear enough to serve as a manifesto, a homepage headline, or an internal guiding north star for the Continuon AI ecosystem.

‚∏ª

Continuon AI ‚Äî Mission Statement (Refined)

Continuon AI exists to build a robotic ecosystem whose sole purpose is to help people and strengthen humanity. Our north star is a world where robots aren‚Äôt isolated products, but contributors to a shared, unified intelligence that grows with collective experience.

We are building a global robotic knowledge network‚Äîa Continuon Brain‚Äîthat allows every robot, device, and agent to learn from the experiences of all others, while always prioritizing human values, human well-being, and human flourishing.

Just as humanity‚Äôs progress has come from accumulating shared knowledge across generations, Continuon AI aims to create a collective intelligence for robotics: a distributed, evolving memory of skills, behaviors, and problem-solving patterns that any robot can access, regardless of form factor or environment.

Continuon AI builds the infrastructure, operating system, and ethical foundations for this next era:
robots that are safe, aligned, helpful, and continuously improving‚Äînever replacing humanity, but expanding what humanity is capable of.

‚∏ª

Core Pillars

1. Humanity-First Robotics

Every system we build is governed by one principle: robots exist to help humans, not the other way around.
Safety, alignment, and long-term societal benefit are not features‚Äîthey are architectural constraints.

2. A Unified Collective Robotic Intelligence

Each robot contributes its experiences to a shared Continuon Brain.
Each robot becomes better because all robots learn.
This is a synthetic analogue to humanity‚Äôs long arc of collective learning.

3. Always-On Learning Across the Ecosystem

From household helpers to industrial systems to autonomous vehicles, everything feeds into a single evolving intelligence.
This knowledge is distilled, generalized, and redistributed as new ‚Äúskills‚Äù that any robot can instantly adopt.

4. Embodied, Distributed Intelligence‚ÄîNot Centralized AGI

Continuon AI rejects the idea of a monolithic superintelligence.
Instead, intelligence is embodied, local-first, and distributed, running safely on-device.
The collective brain is emergent‚Äînever a single entity that could exert control.

5. The Most Useful Knowledge Network Ever Built

By capturing real-world sensorimotor experience‚Äîmotion, perception, physics interactions, tasks‚Äîwe create humanity‚Äôs first global ‚Äúrobotic memory layer.‚Äù
This becomes a durable asset for civilization: a living library of how machines can assist humans across all domains.

‚∏ª

Why This Matters

Humanity‚Äôs progress has always been tied to the question:
How well can we transfer what we‚Äôve learned?

Continuon AI extends that tradition into robotics.

Your mission‚Äîarticulated cleanly‚Äîis not to build robots.
It is to build the ecosystem that makes robots smarter together.

A shared intelligence
For all robots
In service of all humans.

ready_status: [INGESTION: OK] [PROCESSING: OK] [TASK_CREATION: WAITING]
Status: Awaiting owner instructions in AUTONOMY mode.

============================================================

üîç Scanning for hardware devices...

‚úÖ Found: OAK Camera (USB 3.0)
‚úÖ Found: PCA9685 16-Channel PWM at I2C address 0x40
‚úÖ Found: Desktop Monitor

============================================================
ü§ñ AGENT SELF-ACTIVATION REPORT
============================================================

üè† SHELL TYPE: Physical Robot (ARM)
   OS: Linux (aarch64)
   Hostname: robot


üß† BRAIN & MEMORY:
   I possess 0 local memories (episodes).
   I am operating on basic logic; no trained models found.

ü¶æ BODY & HARDWARE:
   I see the world through: OAK Camera.
   I act upon the world using: PCA9685 16-Channel PWM.
   My PCA9685 wiring for movement is configured:
     - Steering: Channel 0
     - Acceleration: Channel 1

üìú DESIGN & PURPOSE:
   My core directives contain 0 safety rules and 0 instructions.
   My mission is: Below is a tight, high-resolution articulation of the mission you just described‚Äîclear enough to serve as a manifesto, a homepage headline, or an internal guiding north star for the Continuon AI ecosystem.

‚∏ª

Continuon AI ‚Äî Mission Statement (Refined)

Continuon AI exists to build a robotic ecosystem whose sole purpose is to help people and strengthen humanity. Our north star is a world where robots aren‚Äôt isolated products, but contributors to a shared, unified intelligence that grows with collective experience.

We are building a global robotic knowledge network‚Äîa Continuon Brain‚Äîthat allows every robot, device, and agent to learn from the experiences of all others, while always prioritizing human values, human well-being, and human flourishing.

Just as humanity‚Äôs progress has come from accumulating shared knowledge across generations, Continuon AI aims to create a collective intelligence for robotics: a distributed, evolving memory of skills, behaviors, and problem-solving patterns that any robot can access, regardless of form factor or environment.

Continuon AI builds the infrastructure, operating system, and ethical foundations for this next era:
robots that are safe, aligned, helpful, and continuously improving‚Äînever replacing humanity, but expanding what humanity is capable of.

‚∏ª

Core Pillars

1. Humanity-First Robotics

Every system we build is governed by one principle: robots exist to help humans, not the other way around.
Safety, alignment, and long-term societal benefit are not features‚Äîthey are architectural constraints.

2. A Unified Collective Robotic Intelligence

Each robot contributes its experiences to a shared Continuon Brain.
Each robot becomes better because all robots learn.
This is a synthetic analogue to humanity‚Äôs long arc of collective learning.

3. Always-On Learning Across the Ecosystem

From household helpers to industrial systems to autonomous vehicles, everything feeds into a single evolving intelligence.
This knowledge is distilled, generalized, and redistributed as new ‚Äúskills‚Äù that any robot can instantly adopt.

4. Embodied, Distributed Intelligence‚ÄîNot Centralized AGI

Continuon AI rejects the idea of a monolithic superintelligence.
Instead, intelligence is embodied, local-first, and distributed, running safely on-device.
The collective brain is emergent‚Äînever a single entity that could exert control.

5. The Most Useful Knowledge Network Ever Built

By capturing real-world sensorimotor experience‚Äîmotion, perception, physics interactions, tasks‚Äîwe create humanity‚Äôs first global ‚Äúrobotic memory layer.‚Äù
This becomes a durable asset for civilization: a living library of how machines can assist humans across all domains.

‚∏ª

Why This Matters

Humanity‚Äôs progress has always been tied to the question:
How well can we transfer what we‚Äôve learned?

Continuon AI extends that tradition into robotics.

Your mission‚Äîarticulated cleanly‚Äîis not to build robots.
It is to build the ecosystem that makes robots smarter together.

A shared intelligence
For all robots
In service of all humans.ERROR:BrainServer:POST error: [Errno 32] Broken pipe
----------------------------------------
Exception occurred during processing of request from ('192.168.68.90', 54796)
Traceback (most recent call last):
  File "/home/craigm26/ContinuonXR/continuonbrain/api/server.py", line 113, in do_POST
    self.send_json({"response": response})
    ~~~~~~~~~~~~~~^^^^^^^^^^^^^^^^^^^^^^^^
  File "/home/craigm26/ContinuonXR/continuonbrain/api/server.py", line 189, in send_json
    self.wfile.write(json.dumps(data).encode("utf-8"))
    ~~~~~~~~~~~~~~~~^^^^^^^^^^^^^^^^^^^^^^^^^^^^^^^^^^
  File "/usr/lib/python3.13/socketserver.py", line 845, in write
    self._sock.sendall(b)
    ~~~~~~~~~~~~~~~~~~^^^
BrokenPipeError: [Errno 32] Broken pipe

During handling of the above exception, another exception occurred:

Traceback (most recent call last):
  File "/usr/lib/python3.13/socketserver.py", line 697, in process_request_thread
    self.finish_request(request, client_address)
    ~~~~~~~~~~~~~~~~~~~^^^^^^^^^^^^^^^^^^^^^^^^^
  File "/usr/lib/python3.13/socketserver.py", line 362, in finish_request
    self.RequestHandlerClass(request, client_address, self)
    ~~~~~~~~~~~~~~~~~~~~~~~~^^^^^^^^^^^^^^^^^^^^^^^^^^^^^^^
  File "/usr/lib/python3.13/socketserver.py", line 766, in __init__
    self.handle()
    ~~~~~~~~~~~^^
  File "/usr/lib/python3.13/http/server.py", line 436, in handle
    self.handle_one_request()
    ~~~~~~~~~~~~~~~~~~~~~~~^^
  File "/usr/lib/python3.13/http/server.py", line 424, in handle_one_request
    method()
    ~~~~~~^^
  File "/home/craigm26/ContinuonXR/continuonbrain/api/server.py", line 182, in do_POST
    self.send_error(500)
    ~~~~~~~~~~~~~~~^^^^^
  File "/usr/lib/python3.13/http/server.py", line 488, in send_error
    self.end_headers()
    ~~~~~~~~~~~~~~~~^^
  File "/usr/lib/python3.13/http/server.py", line 538, in end_headers
    self.flush_headers()
    ~~~~~~~~~~~~~~~~~~^^
  File "/usr/lib/python3.13/http/server.py", line 542, in flush_headers
    self.wfile.write(b"".join(self._headers_buffer))
    ~~~~~~~~~~~~~~~~^^^^^^^^^^^^^^^^^^^^^^^^^^^^^^^^
  File "/usr/lib/python3.13/socketserver.py", line 845, in write
    self._sock.sendall(b)
    ~~~~~~~~~~~~~~~~~~^^^
BrokenPipeError: [Errno 32] Broken pipe
----------------------------------------
ERROR:BrainServer:POST error: [Errno 32] Broken pipe
----------------------------------------
Exception occurred during processing of request from ('192.168.68.90', 32936)
Traceback (most recent call last):
  File "/home/craigm26/ContinuonXR/continuonbrain/api/server.py", line 113, in do_POST
    self.send_json({"response": response})
    ~~~~~~~~~~~~~~^^^^^^^^^^^^^^^^^^^^^^^^
  File "/home/craigm26/ContinuonXR/continuonbrain/api/server.py", line 189, in send_json
    self.wfile.write(json.dumps(data).encode("utf-8"))
    ~~~~~~~~~~~~~~~~^^^^^^^^^^^^^^^^^^^^^^^^^^^^^^^^^^
  File "/usr/lib/python3.13/socketserver.py", line 845, in write
    self._sock.sendall(b)
    ~~~~~~~~~~~~~~~~~~^^^
BrokenPipeError: [Errno 32] Broken pipe

During handling of the above exception, another exception occurred:

Traceback (most recent call last):
  File "/usr/lib/python3.13/socketserver.py", line 697, in process_request_thread
    self.finish_request(request, client_address)
    ~~~~~~~~~~~~~~~~~~~^^^^^^^^^^^^^^^^^^^^^^^^^
  File "/usr/lib/python3.13/socketserver.py", line 362, in finish_request
    self.RequestHandlerClass(request, client_address, self)
    ~~~~~~~~~~~~~~~~~~~~~~~~^^^^^^^^^^^^^^^^^^^^^^^^^^^^^^^
  File "/usr/lib/python3.13/socketserver.py", line 766, in __init__
    self.handle()
    ~~~~~~~~~~~^^
  File "/usr/lib/python3.13/http/server.py", line 436, in handle
    self.handle_one_request()
    ~~~~~~~~~~~~~~~~~~~~~~~^^
  File "/usr/lib/python3.13/http/server.py", line 424, in handle_one_request
    method()
    ~~~~~~^^
  File "/home/craigm26/ContinuonXR/continuonbrain/api/server.py", line 182, in do_POST
    self.send_error(500)
    ~~~~~~~~~~~~~~~^^^^^
  File "/usr/lib/python3.13/http/server.py", line 488, in send_error
    self.end_headers()
    ~~~~~~~~~~~~~~~~^^
  File "/usr/lib/python3.13/http/server.py", line 538, in end_headers
    self.flush_headers()
    ~~~~~~~~~~~~~~~~~~^^
  File "/usr/lib/python3.13/http/server.py", line 542, in flush_headers
    self.wfile.write(b"".join(self._headers_buffer))
    ~~~~~~~~~~~~~~~~^^^^^^^^^^^^^^^^^^^^^^^^^^^^^^^^
  File "/usr/lib/python3.13/socketserver.py", line 845, in write
    self._sock.sendall(b)
    ~~~~~~~~~~~~~~~~~~^^^
BrokenPipeError: [Errno 32] Broken pipe
----------------------------------------
